This is pdfTeX, Version 3.14159265-2.6-1.40.21 (MiKTeX 2.9.7380 64-bit) (preloaded format=pdflatex 2020.11.12)  20 DEC 2020 00:39
entering extended mode
**./M6_Villegas_Salmerón_Javier.tex
(M6_Villegas_Salmerón_Javier.tex
LaTeX2e <2020-02-02> patch level 5
L3 programming layer <2020-03-06>
("C:\Users\javie\AppData\Local\Programs\MiKTeX 2.9\tex/latex/base\article.cls"
Document Class: article 2019/12/20 v1.4l Standard LaTeX document class
("C:\Users\javie\AppData\Local\Programs\MiKTeX 2.9\tex/latex/base\size11.clo"
File: size11.clo 2019/12/20 v1.4l Standard LaTeX file (size option)
)
\c@part=\count167
\c@section=\count168
\c@subsection=\count169
\c@subsubsection=\count170
\c@paragraph=\count171
\c@subparagraph=\count172
\c@figure=\count173
\c@table=\count174
\abovecaptionskip=\skip47
\belowcaptionskip=\skip48
\bibindent=\dimen134
)
("C:\Users\javie\AppData\Local\Programs\MiKTeX 2.9\tex/latex/apacite\apacite.st
y"
Package: apacite 2013/07/21 v6.03 APA citation
\c@BibCnt=\count175
\bibleftmargin=\skip49
\bibindent=\skip50
\bibparsep=\skip51
\bibitemsep=\skip52
\biblabelsep=\skip53
) ("C:\Users\javie\AppData\Local\Programs\MiKTeX 2.9\tex/latex/url\url.sty"
\Urlmuskip=\muskip16
Package: url 2013/09/16  ver 3.4  Verb mode for urls, etc.
)
("C:\Users\javie\AppData\Local\Programs\MiKTeX 2.9\tex/latex/graphics\graphicx.
sty"
Package: graphicx 2019/11/30 v1.2a Enhanced LaTeX Graphics (DPC,SPQR)

("C:\Users\javie\AppData\Local\Programs\MiKTeX 2.9\tex/latex/graphics\keyval.st
y"
Package: keyval 2014/10/28 v1.15 key=value parser (DPC)
\KV@toks@=\toks15
)
("C:\Users\javie\AppData\Local\Programs\MiKTeX 2.9\tex/latex/graphics\graphics.
sty"
Package: graphics 2019/11/30 v1.4a Standard LaTeX Graphics (DPC,SPQR)

("C:\Users\javie\AppData\Local\Programs\MiKTeX 2.9\tex/latex/graphics\trig.sty"
Package: trig 2016/01/03 v1.10 sin cos tan (DPC)
)
("C:\Users\javie\AppData\Local\Programs\MiKTeX 2.9\tex/latex/graphics-cfg\graph
ics.cfg"
File: graphics.cfg 2016/06/04 v1.11 sample graphics configuration
)
Package graphics Info: Driver file: pdftex.def on input line 105.

("C:\Users\javie\AppData\Local\Programs\MiKTeX 2.9\tex/latex/graphics-def\pdfte
x.def"
File: pdftex.def 2018/01/08 v1.0l Graphics/color driver for pdftex
))
\Gin@req@height=\dimen135
\Gin@req@width=\dimen136
)
("C:\Users\javie\AppData\Local\Programs\MiKTeX 2.9\tex/latex/l3backend\l3backen
d-pdfmode.def"
File: l3backend-pdfmode.def 2020-03-12 L3 backend support: PDF mode
\l__kernel_color_stack_int=\count176
\l__pdf_internal_box=\box45
) (M6_Villegas_Salmerón_Javier.aux)
\openout1 = `M6_Villegas_Salmerón_Javier.aux'.

LaTeX Font Info:    Checking defaults for OML/cmm/m/it on input line 7.
LaTeX Font Info:    ... okay on input line 7.
LaTeX Font Info:    Checking defaults for OMS/cmsy/m/n on input line 7.
LaTeX Font Info:    ... okay on input line 7.
LaTeX Font Info:    Checking defaults for OT1/cmr/m/n on input line 7.
LaTeX Font Info:    ... okay on input line 7.
LaTeX Font Info:    Checking defaults for T1/cmr/m/n on input line 7.
LaTeX Font Info:    ... okay on input line 7.
LaTeX Font Info:    Checking defaults for TS1/cmr/m/n on input line 7.
LaTeX Font Info:    ... okay on input line 7.
LaTeX Font Info:    Checking defaults for OMX/cmex/m/n on input line 7.
LaTeX Font Info:    ... okay on input line 7.
LaTeX Font Info:    Checking defaults for U/cmr/m/n on input line 7.
LaTeX Font Info:    ... okay on input line 7.
\c@maskedRefs=\count177

("C:\Users\javie\AppData\Local\Programs\MiKTeX 2.9\tex/latex/apacite\english.ap
c"
File: english.apc 2013/07/21 v6.03 apacite language file
LaTeX Info: Redefining \BPBI on input line 129.
LaTeX Info: Redefining \BHBI on input line 130.
)
("C:\Users\javie\AppData\Local\Programs\MiKTeX 2.9\tex/context/base/mkii\supp-p
df.mkii"
[Loading MPS to PDF converter (version 2006.09.02).]
\scratchcounter=\count178
\scratchdimen=\dimen137
\scratchbox=\box46
\nofMPsegments=\count179
\nofMParguments=\count180
\everyMPshowfont=\toks16
\MPscratchCnt=\count181
\MPscratchDim=\dimen138
\MPnumerator=\count182
\makeMPintoPDFobject=\count183
\everyMPtoPDFconversion=\toks17
)
("C:\Users\javie\AppData\Local\Programs\MiKTeX 2.9\tex/latex/epstopdf-pkg\epsto
pdf-base.sty"
Package: epstopdf-base 2020-01-24 v2.11 Base part for package epstopdf
Package epstopdf-base Info: Redefining graphics rule for `.eps' on input line 4
85.
)
LaTeX Font Info:    External font `cmex10' loaded for size
(Font)              <12> on input line 10.
LaTeX Font Info:    External font `cmex10' loaded for size
(Font)              <8> on input line 10.
LaTeX Font Info:    External font `cmex10' loaded for size
(Font)              <6> on input line 10.
LaTeX Font Info:    External font `cmex10' loaded for size
(Font)              <10.95> on input line 12.
 [1

{C:/Users/javie/AppData/Local/MiKTeX/2.9/pdftex/config/pdftex.map}] [2]
<cancer-prepuber.jpg, id=15, 252.945pt x 298.86656pt>
File: cancer-prepuber.jpg Graphic file (type jpg)
<use cancer-prepuber.jpg>
Package pdftex.def Info: cancer-prepuber.jpg  used on input line 41.
(pdftex.def)             Requested size: 142.26378pt x 168.09377pt.
<Cancer-prepuber.jpg, id=16, 252.945pt x 298.86656pt>
File: Cancer-prepuber.jpg Graphic file (type jpg)
<use Cancer-prepuber.jpg>
Package pdftex.def Info: Cancer-prepuber.jpg  used on input line 47.
(pdftex.def)             Requested size: 142.26378pt x 168.09377pt.
 [3] [4 <./cancer-prepuber.jpg> <./Cancer-prepuber.jpg>]
File: cancer-prepuber.jpg Graphic file (type jpg)
<use cancer-prepuber.jpg>
Package pdftex.def Info: cancer-prepuber.jpg  used on input line 71.
(pdftex.def)             Requested size: 142.26378pt x 168.09377pt.

Underfull \hbox (badness 10000) in paragraph at lines 74--75

 []

[5]
<grafica.jpg, id=26, 209.28188pt x 143.03438pt>
File: grafica.jpg Graphic file (type jpg)
<use grafica.jpg>
Package pdftex.def Info: grafica.jpg  used on input line 79.
(pdftex.def)             Requested size: 142.26378pt x 97.22934pt.
 (M6_Villegas_Salmerón_Javier.bbl
Underfull \hbox (badness 10000) in paragraph at lines 14--39
\OT1/cmtt/m/n/10.95 record [] .uri [] ?eid = 2 [] -s2 [] .0 [] -85085592783&doi
 = 10 [] .1111 % 2fcge []
 []


Underfull \hbox (badness 10000) in paragraph at lines 14--39
\OT1/cmtt/m/n/10.95 .13764&partnerID = 40&md5 = 2fca32edd054ef12095ec3c8e0a117b
6$
 []


Underfull \hbox (badness 3417) in paragraph at lines 51--75
[]\OT1/cmr/m/n/10.95 Nachmanson, D., Stew-ard, J., Yao, H., Of-fi-cer, A., Jeon
g, E.,
 []


Underfull \hbox (badness 1983) in paragraph at lines 51--75
\OT1/cmr/m/n/10.95 O'Keefe, T., ... Haris-mendy, O.  (2020).  Mu-ta-tional pro-

 []


Underfull \hbox (badness 6978) in paragraph at lines 51--75
\OT1/cmr/m/n/10.95 fil-ing of micro-dissected pre-malignant le-sions from archi
ved
 []


Underfull \hbox (badness 1635) in paragraph at lines 51--75
\OT1/cmr/m/n/10.95 spec-i-mens.  \OT1/cmr/m/it/10.95 BMC Med-i-cal Ge-nomics\OT
1/cmr/m/n/10.95 , \OT1/cmr/m/it/10.95 13\OT1/cmr/m/n/10.95 (1).  Re-trieved fro
m
 []


Underfull \hbox (badness 10000) in paragraph at lines 51--75
\OT1/cmtt/m/n/10.95 https :// www [] .scopus [] .com / inward / record [] .uri 
[] ?eid = 2 [] -s2 [] .0 []
 []


Underfull \hbox (badness 10000) in paragraph at lines 51--75
\OT1/cmtt/m/n/10.95 -85096186627&doi = 10 [] .1186 % 2fs12920 [] -020 [] -00820
 [] -y&partnerID =
 []


Underfull \hbox (badness 1009) in paragraph at lines 89--110
[]\OT1/cmr/m/n/10.95 Roveto, P., Gupta, A., & Schuler, A.  (2021).  Ef-fects of
 sur-face
 []


Underfull \hbox (badness 1874) in paragraph at lines 89--110
\OT1/cmr/m/it/10.95 320\OT1/cmr/m/n/10.95 .  Re-trieved from $\OT1/cmtt/m/n/10.
95 https :// www [] .scopus [] .com / inward / record []
 []


Underfull \hbox (badness 10000) in paragraph at lines 89--110
\OT1/cmtt/m/n/10.95 .uri [] ?eid = 2 [] -s2 [] .0 [] -85094905624&doi = 10 [] .
1016 % 2fj [] .biortech [] .2020 []
 []


Underfull \hbox (badness 10000) in paragraph at lines 89--110
\OT1/cmtt/m/n/10.95 .124251&partnerID = 40&md5 = 53f80218ffe9cb4c6e261b5db86d28
33$
 []

[6 <./grafica.jpg>]
Underfull \hbox (badness 3428) in paragraph at lines 122--148
[]\OT1/cmr/m/n/10.95 Shigemizu, D., Akiyama, S., Hi-gaki, S., Sug-i-moto, T., S
aku-rai,
 []


Underfull \hbox (badness 1097) in paragraph at lines 122--148
\OT1/cmr/m/n/10.95 T., Boroe-vich, K., ... Ozaki, K.  (2020).  Prog-no-sis pre-
dic-
 []


Underfull \hbox (badness 2368) in paragraph at lines 122--148
\OT1/cmr/m/n/10.95 tion model for con-ver-sion from mild cog-ni-tive im-pair-me
nt to
 []


Underfull \hbox (badness 2065) in paragraph at lines 122--148
\OT1/cmr/m/n/10.95 data.  \OT1/cmr/m/it/10.95 Alzheimer's Re-search and Ther-ap
y\OT1/cmr/m/n/10.95 , \OT1/cmr/m/it/10.95 12\OT1/cmr/m/n/10.95 (1).  Re-trieved

 []


Underfull \hbox (badness 10000) in paragraph at lines 122--148
\OT1/cmr/m/n/10.95 from $\OT1/cmtt/m/n/10.95 https :// www [] .scopus [] .com /
 inward / record [] .uri [] ?eid = 2 [] -s2 [] .0 []
 []


Underfull \hbox (badness 10000) in paragraph at lines 122--148
\OT1/cmtt/m/n/10.95 -85095762303&doi = 10 [] .1186 % 2fs13195 [] -020 [] -00716
 [] -0&partnerID =
 []

) [7] (M6_Villegas_Salmerón_Javier.aux) ) 
Here is how much of TeX's memory you used:
 1707 strings out of 480898
 24958 string characters out of 2898308
 265271 words of memory out of 3000000
 17612 multiletter control sequences out of 15000+200000
 538382 words of font info for 44 fonts, out of 3000000 for 9000
 1141 hyphenation exceptions out of 8191
 30i,9n,25p,1164b,323s stack positions out of 5000i,500n,10000p,200000b,50000s
<C:/Users/javie/AppData/Local/Program
s/MiKTeX 2.9/fonts/type1/public/amsfonts/cm/cmbx12.pfb><C:/Users/javie/AppData/
Local/Programs/MiKTeX 2.9/fonts/type1/public/amsfonts/cm/cmbxti10.pfb><C:/Users
/javie/AppData/Local/Programs/MiKTeX 2.9/fonts/type1/public/amsfonts/cm/cmmi10.
pfb><C:/Users/javie/AppData/Local/Programs/MiKTeX 2.9/fonts/type1/public/amsfon
ts/cm/cmmi8.pfb><C:/Users/javie/AppData/Local/Programs/MiKTeX 2.9/fonts/type1/p
ublic/amsfonts/cm/cmr10.pfb><C:/Users/javie/AppData/Local/Programs/MiKTeX 2.9/f
onts/type1/public/amsfonts/cm/cmr12.pfb><C:/Users/javie/AppData/Local/Programs/
MiKTeX 2.9/fonts/type1/public/amsfonts/cm/cmr17.pfb><C:/Users/javie/AppData/Loc
al/Programs/MiKTeX 2.9/fonts/type1/public/amsfonts/cm/cmti10.pfb><C:/Users/javi
e/AppData/Local/Programs/MiKTeX 2.9/fonts/type1/public/amsfonts/cm/cmtt10.pfb>
Output written on M6_Villegas_Salmerón_Javier.pdf (7 pages, 199786 bytes).
PDF statistics:
 65 PDF objects out of 1000 (max. 8388607)
 0 named destinations out of 1000 (max. 500000)
 16 words of extra memory for PDF output out of 10000 (max. 10000000)

